e:\a_uniwork\yr2\fggc\dx11 engine\dx11engine\dx11engine\x64\debug\dx11engine_x64.pch
e:\a_uniwork\yr2\fggc\dx11 engine\dx11engine\dx11engine\x64\debug\vc142.pdb
e:\a_uniwork\yr2\fggc\dx11 engine\dx11engine\dx11engine\x64\debug\vc142.idb
e:\a_uniwork\yr2\fggc\dx11 engine\dx11engine\dx11engine\x64\debug\coreminimal.obj
e:\a_uniwork\yr2\fggc\dx11 engine\dx11engine\dx11engine\x64\debug\orbit.obj
e:\a_uniwork\yr2\fggc\dx11 engine\dx11engine\dx11engine\x64\debug\meshcomponent.obj
e:\a_uniwork\yr2\fggc\dx11 engine\dx11engine\dx11engine\x64\debug\mesh.obj
e:\a_uniwork\yr2\fggc\dx11 engine\dx11engine\dx11engine\x64\debug\logui.obj
e:\a_uniwork\yr2\fggc\dx11 engine\dx11engine\dx11engine\x64\debug\litshader.obj
e:\a_uniwork\yr2\fggc\dx11 engine\dx11engine\dx11engine\x64\debug\light.obj
e:\a_uniwork\yr2\fggc\dx11 engine\dx11engine\dx11engine\x64\debug\input.obj
e:\a_uniwork\yr2\fggc\dx11 engine\dx11engine\dx11engine\x64\debug\imguimanager.obj
e:\a_uniwork\yr2\fggc\dx11 engine\dx11engine\dx11engine\x64\debug\graphics.obj
e:\a_uniwork\yr2\fggc\dx11 engine\dx11engine\dx11engine\x64\debug\fileimporter.obj
e:\a_uniwork\yr2\fggc\dx11 engine\dx11engine\dx11engine\x64\debug\entry.obj
e:\a_uniwork\yr2\fggc\dx11 engine\dx11engine\dx11engine\x64\debug\engineloop.obj
e:\a_uniwork\yr2\fggc\dx11 engine\dx11engine\dx11engine\x64\debug\enginecontroller.obj
e:\a_uniwork\yr2\fggc\dx11 engine\dx11engine\dx11engine\x64\debug\directionallight.obj
e:\a_uniwork\yr2\fggc\dx11 engine\dx11engine\dx11engine\x64\debug\directinput.obj
e:\a_uniwork\yr2\fggc\dx11 engine\dx11engine\dx11engine\x64\debug\democontroller.obj
e:\a_uniwork\yr2\fggc\dx11 engine\dx11engine\dx11engine\x64\debug\controller.obj
e:\a_uniwork\yr2\fggc\dx11 engine\dx11engine\dx11engine\x64\debug\camera.obj
e:\a_uniwork\yr2\fggc\dx11 engine\dx11engine\dx11engine\x64\debug\baseshader.obj
e:\a_uniwork\yr2\fggc\dx11 engine\dx11engine\dx11engine\x64\debug\application.obj
e:\a_uniwork\yr2\fggc\dx11 engine\dx11engine\dx11engine\x64\debug\waterplane.obj
e:\a_uniwork\yr2\fggc\dx11 engine\dx11engine\dx11engine\x64\debug\time.obj
e:\a_uniwork\yr2\fggc\dx11 engine\dx11engine\dx11engine\x64\debug\texturedshader.obj
e:\a_uniwork\yr2\fggc\dx11 engine\dx11engine\dx11engine\x64\debug\skydomeshader.obj
e:\a_uniwork\yr2\fggc\dx11 engine\dx11engine\dx11engine\x64\debug\skydome.obj
e:\a_uniwork\yr2\fggc\dx11 engine\dx11engine\dx11engine\x64\debug\sceneobject.obj
e:\a_uniwork\yr2\fggc\dx11 engine\dx11engine\dx11engine\x64\debug\scenecomponent.obj
e:\a_uniwork\yr2\fggc\dx11 engine\dx11engine\dx11engine\x64\debug\propertymanagerui.obj
e:\a_uniwork\yr2\fggc\dx11 engine\dx11engine\dx11engine\x64\debug\postprocessorshader.obj
e:\a_uniwork\yr2\fggc\dx11 engine\dx11engine\dx11engine\x64\debug\pointlight.obj
e:\a_uniwork\yr2\fggc\dx11 engine\dx11engine\dx11engine\x64\debug\plane.obj
e:\a_uniwork\yr2\fggc\dx11 engine\dx11engine\dx11engine\x64\debug\objloader.obj
e:\a_uniwork\yr2\fggc\dx11 engine\dx11engine\dx11engine\x64\debug\object.obj
e:\a_uniwork\yr2\fggc\dx11 engine\dx11engine\dx11engine\x64\debug\imgui_widgets.obj
e:\a_uniwork\yr2\fggc\dx11 engine\dx11engine\dx11engine\x64\debug\imgui_tables.obj
e:\a_uniwork\yr2\fggc\dx11 engine\dx11engine\dx11engine\x64\debug\imgui_impl_win32.obj
e:\a_uniwork\yr2\fggc\dx11 engine\dx11engine\dx11engine\x64\debug\imgui_impl_dx11.obj
e:\a_uniwork\yr2\fggc\dx11 engine\dx11engine\dx11engine\x64\debug\imgui_draw.obj
e:\a_uniwork\yr2\fggc\dx11 engine\dx11engine\dx11engine\x64\debug\imgui.obj
e:\a_uniwork\yr2\fggc\dx11 engine\dx11engine\dx11engine\x64\debug\eventhandler.obj
e:\a_uniwork\yr2\fggc\dx11 engine\dx11engine\dx11engine\x64\debug\ddstextureloader.obj
e:\a_uniwork\yr2\fggc\dx11 engine\dx11engine\x64\debug\dx11engine.exe
e:\a_uniwork\yr2\fggc\dx11 engine\dx11engine\dx11engine\x64\debug\dx11engine.ilk
e:\a_uniwork\yr2\fggc\dx11 engine\dx11engine\x64\debug\dx11engine.pdb
e:\a_uniwork\yr2\fggc\dx11 engine\dx11engine\dx11engine\x64\debug\dx11 framework.res
e:\a_uniwork\yr2\fggc\dx11 engine\dx11engine\dx11engine\x64\debug\dx11engine.tlog\cl.command.1.tlog
e:\a_uniwork\yr2\fggc\dx11 engine\dx11engine\dx11engine\x64\debug\dx11engine.tlog\cl.read.1.tlog
e:\a_uniwork\yr2\fggc\dx11 engine\dx11engine\dx11engine\x64\debug\dx11engine.tlog\cl.write.1.tlog
e:\a_uniwork\yr2\fggc\dx11 engine\dx11engine\dx11engine\x64\debug\dx11engine.tlog\link.command.1.tlog
e:\a_uniwork\yr2\fggc\dx11 engine\dx11engine\dx11engine\x64\debug\dx11engine.tlog\link.read.1.tlog
e:\a_uniwork\yr2\fggc\dx11 engine\dx11engine\dx11engine\x64\debug\dx11engine.tlog\link.write.1.tlog
e:\a_uniwork\yr2\fggc\dx11 engine\dx11engine\dx11engine\x64\debug\dx11engine.tlog\rc.command.1.tlog
e:\a_uniwork\yr2\fggc\dx11 engine\dx11engine\dx11engine\x64\debug\dx11engine.tlog\rc.read.1.tlog
e:\a_uniwork\yr2\fggc\dx11 engine\dx11engine\dx11engine\x64\debug\dx11engine.tlog\rc.write.1.tlog
